<?xml version="1.0" encoding="UTF-8"?>
<coverage generated="1544034749047" clover="3.2.0">
  <project timestamp="1544034749047" name="All files">
    <metrics statements="9" coveredstatements="4" conditionals="2" coveredconditionals="1" methods="2" coveredmethods="1" elements="13" coveredelements="6" complexity="0" loc="9" ncloc="9" packages="1" files="1" classes="1">
      <file name="index.js" path="C:\NodeJs\Work\UnravelNg\github\romanian-cities\src\index.js">
        <metrics statements="9" coveredstatements="4" conditionals="2" coveredconditionals="1" methods="2" coveredmethods="1"/>
        <line num="4" count="1" type="stmt"/>
        <line num="6" count="1" type="stmt"/>
        <line num="13" count="1" type="cond" truecount="1" falsecount="1"/>
        <line num="14" count="1" type="stmt"/>
        <line num="16" count="0" type="stmt"/>
        <line num="17" count="0" type="stmt"/>
        <line num="18" count="0" type="stmt"/>
        <line num="19" count="0" type="stmt"/>
        <line num="21" count="0" type="stmt"/>
      </file>
    </metrics>
  </project>
</coverage>
