{"/home/bogdan/Learn/romanian-cities/src/index.js": {"path":"/home/bogdan/Learn/romanian-cities/src/index.js","statementMap":{"0":{"start":{"line":4,"column":22},"end":{"line":4,"column":47}},"1":{"start":{"line":6,"column":19},"end":{"line":6,"column":25}},"2":{"start":{"line":14,"column":2},"end":{"line":24,"column":3}},"3":{"start":{"line":15,"column":4},"end":{"line":15,"column":26}},"4":{"start":{"line":17,"column":24},"end":{"line":17,"column":26}},"5":{"start":{"line":18,"column":19},"end":{"line":18,"column":81}},"6":{"start":{"line":19,"column":4},"end":{"line":21,"column":6}},"7":{"start":{"line":20,"column":6},"end":{"line":20,"column":39}},"8":{"start":{"line":23,"column":4},"end":{"line":23,"column":22}}},"fnMap":{"0":{"name":"random","decl":{"start":{"line":8,"column":16},"end":{"line":8,"column":22}},"loc":{"start":{"line":8,"column":32},"end":{"line":25,"column":1}},"line":8},"1":{"name":"(anonymous_1)","decl":{"start":{"line":19,"column":15},"end":{"line":19,"column":16}},"loc":{"start":{"line":19,"column":21},"end":{"line":21,"column":5}},"line":19}},"branchMap":{"0":{"loc":{"start":{"line":14,"column":2},"end":{"line":24,"column":3}},"type":"if","locations":[{"start":{"line":14,"column":2},"end":{"line":24,"column":3}},{"start":{"line":14,"column":2},"end":{"line":24,"column":3}}],"line":14}},"s":{"0":1,"1":1,"2":3,"3":1,"4":2,"5":2,"6":2,"7":5,"8":2},"f":{"0":3,"1":5},"b":{"0":[1,2]},"_coverageSchema":"332fd63041d2c1bcb487cc26dd0d5f7d97098a6c","hash":"dd49416f70bbd880ead133632f9fb4684f140b0c"}
}
